[2025-06-02 03:09:58] INFO user_activity - USER_ACCESS - admin accessed log viewer
[2025-06-02 03:10:27] INFO user_activity - USER_ACCESS - admin accessed log viewer
[2025-06-02 03:10:30] INFO user_activity - USER_ACCESS - admin accessed log viewer
[2025-06-02 03:10:39] INFO user_activity - USER_ACCESS - admin accessed log viewer
[2025-06-02 03:10:45] INFO user_activity - USER_ACCESS - admin accessed log viewer
[2025-06-02 03:10:48] INFO user_activity - USER_ACCESS - admin accessed log viewer
[2025-06-02 03:11:25] INFO user_activity - USER_ACCESS - admin accessed log viewer
[2025-06-02 03:11:31] INFO user_activity - USER_ACCESS - admin accessed log viewer
[2025-06-02 03:11:34] INFO user_activity - USER_ACCESS - admin accessed log viewer
[2025-06-02 03:12:59] INFO user_activity - USER_ACCESS - admin accessed log viewer
[2025-06-02 03:13:09] INFO user_activity - USER_ACCESS - admin accessed log viewer
[2025-06-02 03:14:44] INFO user_activity - USER_ACCESS - admin accessed log viewer
[2025-06-02 03:14:51] INFO user_activity - USER_ACCESS - admin accessed log viewer
[2025-06-02 03:14:53] INFO user_activity - USER_ACCESS - admin accessed log viewer
[2025-06-02 03:15:20] INFO user_activity - USER_ACCESS - admin accessed log viewer
[2025-06-02 03:15:22] INFO user_activity - USER_ACCESS - admin accessed log viewer
[2025-06-02 03:15:24] INFO user_activity - USER_ACCESS - admin accessed log viewer
[2025-06-02 03:15:26] INFO user_activity - USER_ACCESS - admin accessed log viewer
[2025-06-02 03:15:30] INFO user_activity - USER_ACCESS - admin accessed log viewer
[2025-06-02 03:15:33] INFO user_activity - USER_ACCESS - admin accessed log viewer
[2025-06-02 03:15:34] INFO user_activity - USER_ACCESS - admin accessed log viewer
[2025-06-02 03:15:36] INFO user_activity - USER_ACCESS - admin accessed log viewer
[2025-06-02 03:15:38] INFO user_activity - USER_ACCESS - admin accessed log viewer
[2025-06-02 03:15:40] INFO user_activity - USER_ACCESS - admin accessed log viewer
[2025-06-02 03:15:41] INFO user_activity - USER_ACCESS - admin accessed log viewer
[2025-06-02 03:15:42] INFO user_activity - USER_ACCESS - admin accessed log viewer
[2025-06-02 03:15:44] INFO user_activity - USER_ACCESS - admin accessed log viewer
[2025-06-02 03:15:47] INFO user_activity - USER_ACCESS - admin accessed log viewer
[2025-06-02 03:17:51] INFO user_activity - USER_ACCESS - admin accessed log viewer
[2025-06-02 03:54:25] INFO user_activity - USER_ACCESS - admin accessed log viewer
[2025-06-02 04:30:57] INFO user_activity - USER_ACCESS - admin accessed dashboard
[2025-06-02 04:33:26] INFO user_activity - USER_ACCESS - admin accessed dashboard
[2025-06-02 04:34:19] INFO user_activity - USER_ACCESS - admin accessed dashboard
[2025-06-02 04:34:56] INFO user_activity - USER_ACCESS - admin accessed dashboard
[2025-06-02 04:37:23] INFO user_activity - USER_ACCESS - admin accessed dashboard
[2025-06-02 04:38:00] INFO user_activity - USER_ACCESS - admin accessed dashboard
[2025-06-02 04:38:31] INFO user_activity - USER_ACCESS - admin accessed dashboard
[2025-06-02 04:39:38] INFO user_activity - USER_ACCESS - tillo accessed dashboard
[2025-06-02 04:39:56] INFO user_activity - USER_ACCESS - tillo accessed dashboard
[2025-06-02 04:40:00] INFO user_activity - USER_ACCESS - tillo accessed dashboard
[2025-06-02 04:41:49] INFO user_activity - USER_ACCESS - tillo accessed dashboard
[2025-06-02 04:41:50] INFO user_activity - USER_ACCESS - tillo accessed dashboard
[2025-06-02 04:41:56] INFO user_activity - USER_ACCESS - tillo accessed dashboard
[2025-06-02 04:42:20] INFO user_activity - USER_ACCESS - tillo accessed dashboard
[2025-06-02 04:44:44] INFO user_activity - USER_ACCESS - admin accessed dashboard
[2025-06-02 04:44:46] INFO user_activity - USER_ACCESS - admin accessed dashboard
[2025-06-02 04:44:53] INFO user_activity - USER_ACCESS - tillo accessed dashboard
[2025-06-02 04:45:20] INFO user_activity - USER_ACCESS - tillo accessed dashboard
[2025-06-02 04:46:24] INFO user_activity - USER_ACCESS - tillo accessed dashboard
[2025-06-02 04:47:46] INFO user_activity - USER_ACCESS - admin accessed dashboard
[2025-06-02 04:47:47] INFO user_activity - USER_ACCESS - admin accessed dashboard
[2025-06-02 04:49:21] INFO user_activity - USER_ACCESS - admin accessed dashboard
[2025-06-02 04:49:26] INFO user_activity - USER_ACCESS - admin accessed log viewer
[2025-06-02 04:49:43] INFO user_activity - USER_ACCESS - asus accessed dashboard
[2025-06-02 04:49:51] INFO user_activity - USER_ACCESS - asus accessed dashboard
[2025-06-02 04:49:52] INFO user_activity - USER_ACCESS - asus accessed dashboard
[2025-06-02 04:49:54] INFO user_activity - USER_ACCESS - asus accessed log viewer
[2025-06-02 04:50:17] INFO user_activity - USER_ACCESS - asus accessed log viewer
[2025-06-02 04:50:20] INFO user_activity - USER_ACCESS - asus accessed log viewer
[2025-06-02 04:50:21] INFO user_activity - USER_ACCESS - asus accessed dashboard
[2025-06-02 04:50:35] INFO user_activity - USER_ACCESS - asus accessed dashboard
[2025-06-02 04:50:53] INFO user_activity - USER_ACCESS - admin accessed dashboard
[2025-06-02 04:50:58] INFO user_activity - USER_ACCESS - admin accessed log viewer
[2025-06-02 04:51:00] INFO user_activity - USER_ACCESS - admin accessed dashboard
[2025-06-02 00:07:14] INFO user_activity - USER_ACCESS - admin accessed dashboard
[2025-06-02 00:11:11] INFO user_activity - USER_ACCESS - admin accessed dashboard
[2025-06-02 00:11:24] INFO user_activity - USER_ACCESS - asus accessed dashboard
[2025-06-02 00:15:05] INFO user_activity - USER_ACCESS - admin accessed dashboard
[2025-06-02 00:15:08] INFO user_activity - USER_ACCESS - admin accessed log viewer
[2025-06-02 00:15:08] INFO user_activity - USER_ACCESS - admin accessed dashboard
[2025-06-02 00:15:18] INFO user_activity - USER_ACCESS - asus accessed dashboard
[2025-06-02 00:15:22] INFO user_activity - USER_ACCESS - asus accessed dashboard
[2025-06-02 00:16:02] INFO user_activity - USER_ACCESS - admin accessed dashboard
[2025-06-02 00:16:16] INFO user_activity - USER_ACCESS - admin accessed dashboard
